<?xml version="1.0" encoding="UTF-8"?>
<testng-results ignored="0" total="1" passed="1" failed="0" skipped="0">
  <reporter-output>
  </reporter-output>
  <suite started-at="2021-08-30T19:18:20Z" name="Default suite" finished-at="2021-08-30T19:18:34Z" duration-ms="14377">
    <groups>
    </groups>
    <test started-at="2021-08-30T19:18:20Z" name="Default test" finished-at="2021-08-30T19:18:34Z" duration-ms="14377">
      <class name="com.ui.TestCases.TC_HeadLine">
        <test-method is-config="true" signature="setUp()[pri:0, instance:com.ui.TestCases.TC_HeadLine@29ad44e3]" started-at="2021-08-30T19:18:20Z" name="setUp" finished-at="2021-08-30T19:18:22Z" duration-ms="2134" status="PASS">
          <reporter-output>
          </reporter-output>
        </test-method> <!-- setUp -->
        <test-method is-config="true" signature="launchUrl()[pri:0, instance:com.ui.TestCases.TC_HeadLine@29ad44e3]" started-at="2021-08-30T19:18:22Z" name="launchUrl" finished-at="2021-08-30T19:18:30Z" depends-on-methods="com.ui.BaseClass.BaseClass.setUp" duration-ms="7983" status="PASS">
          <reporter-output>
          </reporter-output>
        </test-method> <!-- launchUrl -->
        <test-method is-config="true" signature="testSetUp()[pri:0, instance:com.ui.TestCases.TC_HeadLine@29ad44e3]" started-at="2021-08-30T19:18:30Z" name="testSetUp" finished-at="2021-08-30T19:18:30Z" duration-ms="40" status="PASS">
          <reporter-output>
          </reporter-output>
        </test-method> <!-- testSetUp -->
        <test-method signature="verifyWeather()[pri:0, instance:com.ui.TestCases.TC_HeadLine@29ad44e3]" started-at="2021-08-30T19:18:30Z" name="verifyWeather" description="Verify Singapore weather" finished-at="2021-08-30T19:18:34Z" duration-ms="4191" status="PASS">
          <reporter-output>
          </reporter-output>
        </test-method> <!-- verifyWeather -->
      </class> <!-- com.ui.TestCases.TC_HeadLine -->
    </test> <!-- Default test -->
  </suite> <!-- Default suite -->
</testng-results>
